{
  "RSpec": {
    "coverage": {
      "C:/Users/Lena/Documents/GitHub/cs61as-quiz-system/config/environment.rb": [
        null,
        1,
        null,
        null,
        1
      ],
      "C:/Users/Lena/Documents/GitHub/cs61as-quiz-system/config/application.rb": [
        1,
        null,
        1,
        1,
        null,
        null,
        null,
        null,
        1,
        null,
        1,
        1,
        null,
        1,
        1,
        1,
        null,
        null,
        null,
        null,
        null,
        null,
        1,
        null,
        null,
        null,
        null,
        null,
        null,
        null,
        1,
        null,
        1,
        null,
        null,
        null,
        1,
        1,
        1,
        1,
        null,
        1,
        null,
        null,
        null,
        null,
        null,
        null,
        null,
        null,
        null,
        null
      ],
      "C:/Users/Lena/Documents/GitHub/cs61as-quiz-system/config/boot.rb": [
        null,
        1,
        null,
        1
      ],
      "C:/Users/Lena/Documents/GitHub/cs61as-quiz-system/config/environments/test.rb": [
        1,
        null,
        null,
        null,
        null,
        null,
        null,
        1,
        null,
        null,
        null,
        null,
        1,
        null,
        null,
        1,
        1,
        null,
        null,
        1,
        1,
        null,
        null,
        1,
        null,
        null,
        1,
        null,
        null,
        null,
        null,
        1,
        null,
        null,
        1,
        null
      ],
      "C:/Users/Lena/Documents/GitHub/cs61as-quiz-system/config/initializers/backtrace_silencers.rb": [
        null,
        null,
        null,
        null,
        null,
        null,
        null
      ],
      "C:/Users/Lena/Documents/GitHub/cs61as-quiz-system/config/initializers/devise.rb": [
        null,
        null,
        1,
        null,
        null,
        null,
        1,
        null,
        null,
        null,
        null,
        null,
        1,
        null,
        null,
        1,
        null,
        null,
        null,
        null,
        null,
        1,
        null,
        null,
        null,
        null,
        null,
        null,
        null,
        null,
        null,
        1,
        null,
        null,
        null,
        null,
        null,
        null,
        null,
        null,
        null,
        null,
        null,
        1,
        null,
        null,
        null,
        null,
        1,
        null,
        null,
        null,
        null,
        null,
        null,
        null,
        null,
        null,
        null,
        null,
        null,
        null,
        null,
        null,
        null,
        null,
        null,
        null,
        null,
        null,
        null,
        null,
        null,
        null,
        null,
        null,
        null,
        null,
        null,
        1,
        null,
        null,
        null,
        null,
        null,
        null,
        null,
        null,
        null,
        null,
        null,
        null,
        null,
        null,
        1,
        null,
        null,
        null,
        null,
        null,
        null,
        null,
        null,
        null,
        null,
        null,
        null,
        null,
        null,
        null,
        null,
        null,
        null,
        null,
        null,
        null,
        null,
        null,
        null,
        1,
        null,
        null,
        null,
        null,
        null,
        null,
        null,
        null,
        null,
        null,
        null,
        null,
        null,
        null,
        null,
        null,
        null,
        1,
        null,
        null,
        null,
        null,
        1,
        null,
        null,
        null,
        null,
        null,
        null,
        null,
        null,
        null,
        null,
        null,
        null,
        null,
        null,
        null,
        null,
        null,
        null,
        null,
        null,
        null,
        null,
        null,
        null,
        null,
        null,
        null,
        null,
        null,
        null,
        null,
        null,
        null,
        null,
        null,
        null,
        null,
        null,
        1,
        null,
        null,
        null,
        null,
        1,
        null,
        null,
        null,
        null,
        null,
        null,
        null,
        null,
        null,
        null,
        null,
        null,
        null,
        null,
        null,
        null,
        null,
        null,
        null,
        null,
        null,
        null,
        null,
        null,
        null,
        null,
        null,
        null,
        null,
        null,
        null,
        null,
        null,
        null,
        null,
        null,
        null,
        1,
        null,
        null,
        null,
        null,
        null,
        null,
        null,
        null,
        null,
        null,
        null,
        null,
        null,
        null,
        null,
        null,
        null,
        null,
        null,
        null,
        null,
        null,
        null,
        null,
        null,
        null,
        null,
        null,
        null
      ],
      "C:/Users/Lena/Documents/GitHub/cs61as-quiz-system/config/initializers/filter_parameter_logging.rb": [
        null,
        null,
        null,
        1
      ],
      "C:/Users/Lena/Documents/GitHub/cs61as-quiz-system/config/initializers/inflections.rb": [
        null,
        null,
        null,
        null,
        null,
        null,
        null,
        null,
        null,
        null,
        null,
        null,
        null,
        null,
        null,
        null
      ],
      "C:/Users/Lena/Documents/GitHub/cs61as-quiz-system/config/initializers/mime_types.rb": [
        null,
        null,
        null,
        null,
        null
      ],
      "C:/Users/Lena/Documents/GitHub/cs61as-quiz-system/config/initializers/secret_token.rb": [
        null,
        null,
        null,
        null,
        null,
        null,
        null,
        null,
        null,
        null,
        null,
        1,
        1,
        null,
        0,
        null
      ],
      "C:/Users/Lena/Documents/GitHub/cs61as-quiz-system/config/initializers/session_store.rb": [
        null,
        null,
        1
      ],
      "C:/Users/Lena/Documents/GitHub/cs61as-quiz-system/config/initializers/simple_form.rb": [
        null,
        1,
        null,
        null,
        null,
        null,
        null,
        1,
        null,
        null,
        null,
        null,
        null,
        null,
        null,
        null,
        null,
        1,
        null,
        null,
        null,
        1,
        null,
        null,
        null,
        null,
        null,
        null,
        null,
        null,
        1,
        null,
        null,
        1,
        null,
        null,
        1,
        null,
        null,
        1,
        null,
        null,
        1,
        1,
        1,
        null,
        null,
        null,
        1,
        null,
        null,
        null,
        null,
        null,
        1,
        null,
        null,
        1,
        null,
        null,
        null,
        null,
        null,
        null,
        null,
        1,
        null,
        null,
        1,
        null,
        null,
        null,
        null,
        null,
        null,
        null,
        null,
        null,
        null,
        null,
        null,
        null,
        null,
        null,
        null,
        null,
        null,
        null,
        null,
        null,
        null,
        null,
        null,
        null,
        null,
        null,
        null,
        1,
        null,
        null,
        null,
        null,
        null,
        null,
        null,
        null,
        null,
        null,
        null,
        null,
        null,
        null,
        null,
        1,
        null,
        null,
        null,
        null,
        null,
        null,
        null,
        null,
        null,
        null,
        null,
        null,
        null,
        null,
        null,
        null,
        null,
        null,
        null,
        null,
        null,
        null,
        null,
        null,
        null,
        null,
        null,
        null,
        null,
        null,
        null
      ],
      "C:/Users/Lena/Documents/GitHub/cs61as-quiz-system/config/initializers/simple_form_foundation.rb": [
        null,
        1,
        1,
        1,
        1,
        1,
        1,
        1,
        1,
        1,
        1,
        null,
        null,
        null,
        null,
        null,
        null,
        null,
        1,
        null,
        null,
        1,
        null,
        null,
        1,
        null
      ],
      "C:/Users/Lena/Documents/GitHub/cs61as-quiz-system/config/initializers/sucker_punch.rb": [
        null,
        null,
        null,
        null
      ],
      "C:/Users/Lena/Documents/GitHub/cs61as-quiz-system/config/initializers/wrap_parameters.rb": [
        null,
        null,
        null,
        null,
        null,
        null,
        1,
        1,
        null,
        null,
        null,
        null,
        null,
        null
      ],
      "C:/Users/Lena/Documents/GitHub/cs61as-quiz-system/spec/factories.rb": [
        1,
        1,
        null,
        1,
        1,
        106,
        106,
        106,
        1,
        null,
        null,
        1,
        1,
        70,
        70,
        70,
        1,
        null,
        null,
        1,
        1,
        39,
        39,
        39,
        1,
        null,
        null,
        1,
        1,
        116,
        1,
        1,
        null,
        1,
        2,
        null,
        1,
        63,
        189,
        null,
        null,
        null,
        null,
        null,
        1,
        236,
        1,
        null,
        null,
        1,
        236,
        1,
        null,
        null,
        1,
        235,
        1,
        1,
        null,
        1,
        234,
        234,
        null,
        null,
        null,
        1,
        14,
        1,
        null,
        null,
        1,
        1,
        1,
        1,
        null,
        null,
        1,
        101,
        1,
        1,
        1,
        null,
        null,
        1,
        1,
        1,
        1,
        1,
        22,
        22,
        null,
        null,
        1,
        1,
        1,
        1,
        1,
        null,
        null,
        1,
        1,
        1,
        1,
        1,
        null,
        null
      ],
      "C:/Users/Lena/Documents/GitHub/cs61as-quiz-system/config/routes.rb": [
        1,
        1,
        1,
        1,
        null,
        null,
        1,
        null,
        1,
        null,
        1,
        1,
        1,
        1,
        1,
        1,
        1,
        1,
        null,
        null,
        null,
        1,
        1,
        1,
        1,
        null,
        null,
        null,
        1,
        1,
        1,
        null,
        null,
        1,
        1,
        1,
        null,
        null,
        null,
        1,
        1,
        1,
        null,
        null,
        1,
        1,
        null,
        null,
        null,
        1,
        1,
        1,
        1,
        1,
        null,
        null,
        1,
        1,
        1,
        null,
        null,
        null,
        null,
        1,
        null,
        1,
        null,
        1,
        1,
        null,
        1,
        1,
        null,
        null,
        null,
        null,
        1,
        1,
        null,
        1,
        null,
        1,
        null,
        1,
        1,
        1,
        1,
        null,
        null,
        null,
        1,
        1,
        1,
        1,
        null,
        null,
        null,
        1,
        null,
        null
      ],
      "C:/Users/Lena/Documents/GitHub/cs61as-quiz-system/app/models/users/user.rb": [
        1,
        null,
        null,
        null,
        null,
        null,
        null,
        null,
        null,
        null,
        null,
        null,
        null,
        null,
        null,
        null,
        null,
        null,
        null,
        null,
        null,
        null,
        null,
        null,
        null,
        null,
        null,
        1,
        1,
        1,
        null,
        942,
        null,
        null,
        null,
        1,
        null,
        null,
        1,
        null,
        1,
        1,
        1,
        1,
        null,
        1,
        565,
        null,
        null,
        1,
        0,
        null,
        null,
        1,
        0,
        null,
        null,
        1,
        194,
        null,
        null,
        1,
        2,
        2,
        2,
        4,
        null,
        null,
        null,
        null,
        1,
        null,
        1,
        339,
        339,
        null,
        null
      ],
      "C:/Users/Lena/Documents/GitHub/cs61as-quiz-system/app/helpers/application_helper.rb": [
        null,
        1,
        1,
        300,
        null,
        null,
        300,
        null,
        300,
        null,
        null,
        null,
        null,
        1,
        300,
        300,
        null,
        null,
        300,
        null,
        null,
        1,
        42,
        null,
        null,
        1,
        42,
        null,
        null,
        1,
        12,
        24,
        null,
        null,
        1,
        48,
        null,
        null
      ],
      "C:/Users/Lena/Documents/GitHub/cs61as-quiz-system/spec/support/database_cleaner_and_factory_girl.rb": [
        1,
        null,
        1,
        1,
        1,
        1,
        null,
        1,
        null,
        null,
        null,
        1,
        132,
        null,
        null,
        1,
        14,
        null,
        null,
        1,
        132,
        null,
        null,
        1,
        132,
        null,
        null,
        null
      ],
      "C:/Users/Lena/Documents/GitHub/cs61as-quiz-system/spec/support/devise.rb": [
        1,
        1,
        null
      ],
      "C:/Users/Lena/Documents/GitHub/cs61as-quiz-system/spec/support/utilities.rb": [
        1,
        null,
        1,
        115,
        115,
        115,
        115,
        null,
        null,
        1,
        2,
        2,
        null,
        null,
        1,
        3,
        3,
        3,
        3,
        3,
        null,
        null,
        1,
        3,
        3,
        3,
        3,
        3,
        null
      ],
      "C:/Users/Lena/Documents/GitHub/cs61as-quiz-system/spec/authorization/not_signed_in_spec.rb": [
        1,
        null,
        1,
        6,
        6,
        null,
        null,
        1,
        2,
        null,
        1,
        2,
        2,
        null,
        null,
        1,
        2,
        2,
        null,
        1,
        1,
        null,
        null,
        1,
        1,
        null,
        null,
        1,
        1,
        null,
        null,
        1,
        1,
        null,
        null,
        1,
        1,
        null,
        null,
        1,
        1,
        null,
        null,
        null
      ],
      "C:/Users/Lena/Documents/GitHub/cs61as-quiz-system/spec/authorization/signed_in_student_spec.rb": [
        1,
        null,
        1,
        9,
        9,
        null,
        9,
        null,
        2,
        null,
        1,
        1,
        3,
        3,
        null,
        2,
        2,
        null,
        null,
        1,
        3,
        2,
        2,
        null,
        null,
        1,
        3,
        2,
        2,
        null,
        null,
        null,
        1,
        1,
        2,
        1,
        1,
        1,
        1,
        null,
        null,
        2,
        null,
        null,
        null
      ],
      "C:/Users/Lena/Documents/GitHub/cs61as-quiz-system/spec/features/grading_quiz_spec.rb": [
        1,
        null,
        1,
        0,
        0,
        0,
        null,
        null,
        1,
        20,
        4,
        1,
        19,
        19,
        null,
        null,
        2,
        2,
        2,
        null,
        1,
        17,
        17,
        17,
        1,
        16,
        null,
        null,
        1,
        16,
        48,
        null,
        16,
        16,
        0,
        0,
        0,
        null,
        null,
        1,
        1,
        1,
        1,
        null,
        null,
        1,
        1,
        null,
        1,
        null,
        1,
        1,
        0,
        0,
        null,
        null,
        1,
        0,
        0,
        0,
        0,
        null,
        null,
        1,
        0,
        0,
        0,
        0,
        null,
        null,
        1,
        0,
        0,
        0,
        0,
        null,
        null,
        null,
        1,
        0,
        0,
        0,
        0,
        0,
        0,
        0,
        0,
        null,
        null,
        null,
        1,
        1,
        0,
        0,
        0,
        0,
        null,
        null,
        null,
        null,
        1,
        1,
        1,
        1,
        null,
        1,
        0,
        0,
        null,
        null,
        1,
        0,
        0,
        0,
        0,
        0,
        null,
        null,
        null,
        1,
        1,
        0,
        0,
        0,
        null,
        null,
        1,
        0,
        0,
        0,
        null,
        null,
        null,
        null
      ],
      "C:/Users/Lena/Documents/GitHub/cs61as-quiz-system/spec/features/import_students_spec.rb": [
        1,
        null,
        1,
        4,
        2,
        null,
        1,
        3,
        3,
        null,
        null,
        2,
        null,
        1,
        1,
        2,
        2,
        null,
        null,
        1,
        2,
        null,
        null,
        1,
        1,
        1,
        null,
        1,
        null,
        null,
        null,
        null,
        null
      ],
      "C:/Users/Lena/Documents/GitHub/cs61as-quiz-system/spec/features/logins_spec.rb": [
        1,
        null,
        1,
        2,
        null,
        1,
        2,
        2,
        null,
        null,
        1,
        3,
        null,
        1,
        2,
        1,
        1,
        null,
        null,
        null,
        1,
        1,
        1,
        1,
        null,
        null,
        1,
        1,
        null,
        null,
        null,
        null,
        1,
        3,
        null,
        1,
        2,
        1,
        1,
        null,
        null,
        null,
        1,
        1,
        1,
        1,
        null,
        null,
        1,
        1,
        null,
        null,
        null,
        null
      ],
      "C:/Users/Lena/Documents/GitHub/cs61as-quiz-system/spec/features/questions_spec.rb": [
        1,
        null,
        1,
        4,
        null,
        null,
        1,
        4,
        null,
        null,
        1,
        4,
        null,
        null,
        1,
        4,
        null,
        null,
        1,
        4,
        4,
        null,
        null,
        null,
        1,
        7,
        1,
        7,
        null,
        1,
        1,
        6,
        6,
        null,
        null,
        1,
        1,
        1,
        null,
        null,
        null,
        null,
        null,
        null,
        null,
        1,
        1,
        1,
        1,
        1,
        null,
        null,
        1,
        1,
        1,
        1,
        null,
        null,
        1,
        1,
        1,
        1,
        null,
        null,
        1,
        1,
        1,
        1,
        null,
        null,
        1,
        4,
        4,
        null,
        null,
        null,
        1,
        1,
        1,
        1,
        1,
        1,
        1,
        1,
        null,
        1,
        null,
        null,
        null,
        null
      ],
      "C:/Users/Lena/Documents/GitHub/cs61as-quiz-system/spec/features/quizzes_spec.rb": [
        1,
        null,
        1,
        5,
        5,
        5,
        null,
        null,
        1,
        16,
        6,
        16,
        null,
        null,
        1,
        2,
        null,
        1,
        1,
        1,
        null,
        null,
        null,
        null,
        null,
        null,
        null,
        null,
        null,
        null,
        null,
        1,
        1,
        5,
        5,
        5,
        5,
        5,
        null,
        null,
        6,
        6,
        6,
        null,
        1,
        1,
        1,
        1,
        null,
        null,
        1,
        1,
        1,
        1,
        null,
        null,
        1,
        1,
        1,
        0,
        null,
        null,
        1,
        1,
        1,
        1,
        1,
        1,
        1,
        1,
        1,
        1,
        null,
        1,
        1,
        0,
        null,
        null,
        1,
        1,
        null,
        null,
        1,
        1,
        1,
        1,
        1,
        1,
        1,
        1,
        1,
        1,
        0,
        null,
        null,
        null,
        null,
        null,
        1,
        5,
        5,
        null,
        1,
        1,
        1,
        1,
        1,
        null,
        null,
        1,
        1,
        1,
        1,
        null,
        null,
        1,
        1,
        2,
        2,
        2,
        null,
        null,
        1,
        1,
        1,
        null,
        null,
        1,
        1,
        1,
        1,
        null,
        null,
        null,
        null,
        1,
        6,
        6,
        null,
        2,
        null,
        1,
        2,
        null,
        null,
        1,
        4,
        4,
        1,
        3,
        null,
        null,
        2,
        2,
        2,
        null,
        null,
        null,
        null
      ],
      "C:/Users/Lena/Documents/GitHub/cs61as-quiz-system/spec/features/regrading_quiz_spec.rb": [
        1,
        null,
        1,
        0,
        0,
        0,
        null,
        null,
        1,
        2,
        2,
        null,
        null,
        1,
        12,
        18,
        18,
        18,
        1,
        17,
        null,
        null,
        null,
        null,
        null,
        null,
        null,
        null,
        null,
        1,
        17,
        51,
        51,
        null,
        null,
        null,
        1,
        1,
        8,
        8,
        null,
        null,
        2,
        2,
        null,
        1,
        1,
        2,
        null,
        null,
        1,
        1,
        1,
        2,
        1,
        1,
        null,
        null,
        null,
        1,
        5,
        1,
        4,
        4,
        null,
        null,
        2,
        2,
        2,
        null,
        1,
        1,
        1,
        1,
        1,
        1,
        1,
        null,
        null,
        null,
        null,
        1,
        10,
        1,
        9,
        9,
        9,
        null,
        null,
        2,
        2,
        null,
        1,
        1,
        2,
        2,
        null,
        null,
        2,
        null,
        1,
        1,
        1,
        1,
        1,
        null,
        null,
        null,
        1,
        6,
        null,
        2,
        2,
        2,
        null,
        1,
        1,
        2,
        null,
        null,
        1,
        1,
        1,
        null,
        null,
        1,
        1,
        1,
        1,
        1,
        1,
        null,
        null,
        null,
        null,
        null
      ],
      "C:/Users/Lena/Documents/GitHub/cs61as-quiz-system/spec/features/requests_spec.rb": [
        1,
        null,
        1,
        7,
        7,
        7,
        null,
        1,
        null,
        1,
        6,
        6,
        6,
        6,
        null,
        null,
        1,
        1,
        2,
        null,
        null,
        null,
        1,
        1,
        1,
        null,
        null,
        null,
        1,
        1,
        null,
        null,
        1,
        1,
        2,
        null,
        null,
        1,
        2,
        null,
        null,
        null,
        1,
        1,
        2,
        null,
        null,
        null,
        null
      ],
      "C:/Users/Lena/Documents/GitHub/cs61as-quiz-system/spec/features/staff_dashboard_spec.rb": [
        1,
        null,
        1,
        2,
        1,
        2,
        null,
        1,
        2,
        2,
        null,
        1,
        1,
        2,
        null,
        null,
        null,
        null
      ],
      "C:/Users/Lena/Documents/GitHub/cs61as-quiz-system/spec/features/student_dashboard_spec.rb": [
        1,
        null,
        1,
        13,
        13,
        5,
        null,
        1,
        1,
        2,
        2,
        2,
        2,
        null,
        null,
        1,
        2,
        2,
        2,
        null,
        null,
        null,
        null,
        null,
        1,
        2,
        1,
        1,
        1,
        null,
        null,
        1,
        2,
        null,
        null,
        null,
        null,
        1,
        10,
        1,
        9,
        9,
        9,
        null,
        null,
        2,
        2,
        2,
        2,
        null,
        1,
        2,
        1,
        1,
        null,
        null,
        null,
        1,
        1,
        2,
        null,
        null,
        null,
        1,
        2,
        null,
        null,
        null,
        null,
        1,
        1,
        2,
        0,
        null,
        null,
        1,
        null,
        1,
        1,
        1,
        0,
        null,
        null,
        null,
        null,
        null,
        1,
        1,
        1,
        0,
        0,
        0,
        0,
        0,
        null,
        null,
        null
      ],
      "C:/Users/Lena/Documents/GitHub/cs61as-quiz-system/spec/features/take_quiz_spec.rb": [
        1,
        null,
        1,
        12,
        null,
        null,
        1,
        12,
        null,
        null,
        1,
        2,
        2,
        2,
        null,
        null,
        1,
        15,
        15,
        15,
        15,
        null,
        15,
        4,
        null,
        1,
        1,
        null,
        null,
        2,
        null,
        1,
        13,
        null,
        2,
        2,
        null,
        1,
        11,
        null,
        1,
        1,
        3,
        null,
        null,
        null,
        1,
        1,
        3,
        null,
        null,
        null,
        1,
        1,
        1,
        1,
        1,
        1,
        null,
        null,
        1,
        1,
        1,
        null,
        null,
        null,
        1,
        1,
        4,
        4,
        4,
        null,
        null,
        1,
        1,
        null,
        null,
        1,
        1,
        null,
        null,
        1,
        1,
        1,
        1,
        1,
        null,
        null,
        1,
        1,
        1,
        null,
        null,
        null,
        1,
        1,
        1,
        1,
        1,
        null,
        null,
        1,
        1,
        1,
        null,
        null,
        null,
        null,
        1,
        1,
        3,
        9,
        null,
        null,
        null,
        1,
        1,
        1,
        1,
        1,
        1,
        null,
        null,
        1,
        3,
        null,
        1,
        1,
        1,
        null,
        null,
        1,
        1,
        1,
        null,
        null,
        null,
        null,
        null,
        null
      ],
      "C:/Users/Lena/Documents/GitHub/cs61as-quiz-system/spec/features/user_profile_spec.rb": [
        1,
        null,
        1,
        3,
        3,
        3,
        3,
        null,
        1,
        3,
        2,
        1,
        2,
        2,
        null,
        null,
        2,
        null,
        1,
        2,
        null,
        1,
        1,
        1,
        1,
        null,
        null,
        1,
        1,
        null,
        null,
        null,
        null,
        null,
        1,
        3,
        2,
        1,
        2,
        2,
        null,
        null,
        2,
        null,
        1,
        2,
        null,
        1,
        1,
        1,
        1,
        null,
        null,
        1,
        1,
        null,
        null,
        null,
        null,
        null
      ],
      "C:/Users/Lena/Documents/GitHub/cs61as-quiz-system/spec/models/quiz_spec.rb": [
        null,
        null,
        null,
        null,
        null,
        null,
        null,
        null,
        null,
        null,
        null,
        null,
        null,
        1,
        null,
        1,
        12,
        12,
        12,
        null,
        12,
        12,
        12,
        null,
        1,
        1,
        1,
        null,
        null,
        null,
        1,
        2,
        1,
        1,
        1,
        null,
        null,
        null,
        1,
        1,
        1,
        1,
        null,
        null,
        null,
        1,
        1,
        1,
        1,
        null,
        null,
        1,
        1,
        null,
        null,
        null,
        1,
        1,
        1,
        0,
        0,
        null,
        0,
        0,
        null,
        null,
        null,
        1,
        2,
        1,
        1,
        3,
        null,
        null,
        null,
        null,
        1,
        2,
        1,
        1,
        1,
        3,
        null,
        null,
        null,
        null,
        1,
        2,
        5,
        1,
        1,
        null,
        null,
        null,
        1,
        2,
        1,
        1,
        1,
        null,
        1,
        1,
        1,
        null,
        1,
        1,
        null,
        null,
        null,
        1,
        1,
        1,
        1,
        null,
        null,
        null,
        1,
        1,
        1,
        1,
        4,
        null,
        null,
        2,
        6,
        1,
        1,
        null,
        null,
        null
      ],
      "C:/Users/Lena/Documents/GitHub/cs61as-quiz-system/app/models/quizzes/quiz.rb": [
        null,
        null,
        null,
        null,
        null,
        null,
        null,
        null,
        null,
        null,
        null,
        null,
        null,
        null,
        1,
        1,
        1,
        1,
        1,
        1,
        1,
        1,
        1,
        null,
        null,
        null,
        83,
        185,
        1,
        null,
        null,
        null,
        null,
        1,
        null,
        1,
        null,
        null,
        null,
        null,
        null,
        null,
        null,
        null,
        null,
        null,
        null,
        null,
        null,
        null,
        null,
        null,
        null,
        1,
        null,
        1,
        null,
        64,
        152,
        null,
        null,
        1,
        null,
        1,
        null,
        null,
        1,
        274,
        null,
        null,
        1,
        149,
        null,
        null,
        1,
        6,
        null,
        null,
        1,
        2,
        2,
        2,
        2,
        2,
        2,
        null,
        null,
        1,
        3,
        3,
        9,
        18,
        null,
        3,
        null,
        null,
        null,
        1,
        3,
        3,
        3,
        2,
        2,
        null,
        null,
        null,
        1,
        14,
        14,
        null,
        null,
        1,
        0,
        0,
        null,
        null,
        1,
        14,
        18,
        14,
        null,
        null,
        1,
        13,
        null,
        null,
        1,
        165,
        198,
        null,
        null,
        null
      ],
      "C:/Users/Lena/Documents/GitHub/cs61as-quiz-system/app/models/users/student.rb": [
        1,
        null,
        null,
        null,
        null,
        null,
        null,
        null,
        null,
        null,
        null,
        null,
        null,
        null,
        null,
        null,
        null,
        null,
        null,
        null,
        null,
        null,
        null,
        null,
        null,
        null,
        null,
        1,
        187,
        null,
        1,
        1,
        1,
        1,
        1,
        1,
        1,
        null,
        1,
        1,
        null,
        1,
        null,
        1,
        116,
        null,
        null,
        1,
        0,
        null,
        null,
        1,
        11,
        null,
        null,
        1,
        130,
        null,
        null,
        1,
        333,
        null,
        null,
        1,
        43,
        null,
        null,
        1,
        39,
        null,
        null,
        1,
        22,
        null,
        null,
        1,
        0,
        0,
        0,
        0,
        0,
        0,
        null,
        null,
        null,
        null,
        null,
        1,
        null,
        null,
        0,
        0,
        null,
        null,
        1,
        0,
        0,
        0,
        0,
        null,
        0,
        0,
        null,
        null,
        null,
        1,
        0,
        0,
        0,
        null,
        0,
        null,
        null,
        null,
        null,
        null,
        1,
        2,
        null,
        2,
        null,
        null,
        1,
        4,
        null,
        null,
        1,
        0,
        null,
        null
      ],
      "C:/Users/Lena/Documents/GitHub/cs61as-quiz-system/app/models/users/staff.rb": [
        null,
        null,
        null,
        null,
        null,
        null,
        null,
        null,
        null,
        null,
        null,
        null,
        null,
        null,
        null,
        null,
        null,
        null,
        null,
        null,
        null,
        null,
        null,
        null,
        null,
        1,
        1,
        null,
        1,
        109,
        null,
        null,
        1,
        699,
        null,
        null,
        1,
        0,
        null,
        null,
        1,
        70,
        null,
        null,
        1,
        194,
        null,
        null
      ],
      "C:/Users/Lena/Documents/GitHub/cs61as-quiz-system/app/models/users/reader.rb": [
        null,
        null,
        null,
        null,
        null,
        null,
        null,
        null,
        null,
        null,
        null,
        null,
        null,
        null,
        null,
        null,
        null,
        null,
        null,
        null,
        null,
        null,
        null,
        null,
        null,
        1,
        1,
        null,
        1,
        4,
        null,
        null,
        1,
        0,
        null,
        null,
        1,
        4,
        null,
        null
      ],
      "C:/Users/Lena/Documents/GitHub/cs61as-quiz-system/app/models/questions/rubric.rb": [
        null,
        null,
        null,
        null,
        null,
        null,
        null,
        null,
        null,
        null,
        null,
        1,
        1,
        null
      ],
      "C:/Users/Lena/Documents/GitHub/cs61as-quiz-system/app/models/questions/question.rb": [
        null,
        null,
        null,
        null,
        null,
        null,
        null,
        null,
        null,
        null,
        null,
        null,
        null,
        1,
        null,
        1,
        null,
        1,
        1,
        1,
        1,
        1,
        1,
        null,
        null,
        null,
        1,
        0,
        null,
        null,
        1,
        12,
        null,
        null,
        1,
        6,
        null,
        null,
        1,
        6,
        null,
        null,
        1,
        0,
        0,
        null,
        null,
        1,
        null,
        null,
        1,
        0,
        null,
        null,
        1,
        null,
        null,
        null,
        null,
        null,
        null,
        null
      ],
      "C:/Users/Lena/Documents/GitHub/cs61as-quiz-system/app/models/questions/solution.rb": [
        null,
        null,
        null,
        null,
        null,
        null,
        null,
        null,
        null,
        null,
        null,
        null,
        1,
        1,
        null
      ],
      "C:/Users/Lena/Documents/GitHub/cs61as-quiz-system/app/models/quizzes/quiz_request.rb": [
        null,
        null,
        null,
        null,
        null,
        null,
        null,
        null,
        null,
        null,
        null,
        null,
        null,
        null,
        null,
        1,
        1,
        null,
        1,
        0,
        0,
        0,
        null,
        null,
        1,
        14,
        null,
        null
      ],
      "C:/Users/Lena/Documents/GitHub/cs61as-quiz-system/app/models/quizzes/quiz_lock.rb": [
        null,
        null,
        null,
        null,
        null,
        null,
        null,
        null,
        null,
        null,
        null,
        null,
        null,
        null,
        1,
        1,
        1,
        null,
        1,
        null,
        1,
        14,
        null,
        null,
        1,
        14,
        null,
        null,
        1,
        4,
        4,
        null,
        null,
        1,
        1,
        1,
        null,
        null
      ],
      "C:/Users/Lena/Documents/GitHub/cs61as-quiz-system/app/models/submission.rb": [
        null,
        null,
        null,
        null,
        null,
        null,
        null,
        null,
        null,
        null,
        null,
        null,
        null,
        null,
        1,
        1,
        1,
        1,
        null,
        1,
        null
      ],
      "C:/Users/Lena/Documents/GitHub/cs61as-quiz-system/app/models/quizzes/taken_quiz.rb": [
        null,
        null,
        null,
        null,
        null,
        null,
        null,
        null,
        null,
        null,
        null,
        null,
        null,
        null,
        null,
        null,
        null,
        null,
        null,
        1,
        334,
        null,
        1,
        1,
        1,
        null,
        null,
        1,
        null,
        1,
        1,
        null,
        40,
        3,
        null,
        1,
        10,
        null,
        null,
        1,
        5,
        null,
        null,
        1,
        14,
        null,
        null,
        1,
        126,
        10,
        10,
        null,
        null,
        null
      ],
      "C:/Users/Lena/Documents/GitHub/cs61as-quiz-system/app/models/questions/grade.rb": [
        null,
        null,
        null,
        null,
        null,
        null,
        null,
        null,
        null,
        null,
        null,
        null,
        null,
        null,
        null,
        1,
        1,
        1,
        null
      ],
      "C:/Users/Lena/Documents/GitHub/cs61as-quiz-system/app/models/quizzes/regrade.rb": [
        null,
        null,
        null,
        null,
        null,
        null,
        null,
        null,
        null,
        null,
        null,
        null,
        null,
        null,
        null,
        1,
        1,
        1,
        null,
        19,
        null,
        1,
        null,
        1,
        15,
        15,
        15,
        null,
        null,
        1,
        3,
        null,
        null
      ],
      "C:/Users/Lena/Documents/GitHub/cs61as-quiz-system/app/controllers/application_controller.rb": [
        null,
        1,
        null,
        null,
        1,
        1,
        null,
        1,
        null,
        1,
        7,
        7,
        6,
        null,
        1,
        null,
        null,
        null,
        1,
        126,
        7,
        119,
        65,
        54,
        54,
        null,
        null,
        null,
        1,
        null,
        1,
        242,
        0,
        null,
        null,
        null,
        null,
        1,
        6,
        null,
        null,
        1,
        17,
        null,
        null
      ],
      "C:/Users/Lena/Documents/GitHub/cs61as-quiz-system/app/controllers/staffs/dashboard_controller.rb": [
        null,
        1,
        1,
        null,
        1,
        82,
        82,
        82,
        1476,
        null,
        null,
        1,
        0,
        null,
        null,
        1,
        0,
        0,
        0,
        0,
        0,
        0,
        0,
        0,
        null,
        null,
        null,
        null,
        null,
        1,
        0,
        0,
        0,
        0,
        0,
        0,
        0,
        0,
        null,
        null,
        null,
        null,
        null,
        1,
        0,
        0,
        0,
        0,
        0,
        0,
        0,
        null,
        null,
        null,
        null,
        null,
        1,
        0,
        0,
        0,
        null,
        null,
        1,
        0,
        0,
        0,
        null,
        null,
        1,
        null,
        1,
        0,
        0,
        null,
        null,
        1,
        0,
        0,
        null,
        null,
        0,
        0,
        null,
        0,
        null,
        null,
        null,
        null
      ],
      "C:/Users/Lena/Documents/GitHub/cs61as-quiz-system/app/controllers/staffs/base_controller.rb": [
        1,
        1,
        1,
        null,
        1,
        null,
        1,
        218,
        215,
        null,
        null,
        null
      ],
      "C:/Users/Lena/Documents/GitHub/cs61as-quiz-system/app/models/ability.rb": [
        null,
        1,
        1,
        null,
        1,
        379,
        379,
        null,
        379,
        365,
        216,
        149,
        149,
        null,
        null,
        null,
        null
      ],
      "C:/Users/Lena/Documents/GitHub/cs61as-quiz-system/app/controllers/staffs/questions_controller.rb": [
        null,
        1,
        1,
        1,
        null,
        1,
        7,
        1,
        1,
        1,
        1,
        null,
        6,
        6,
        null,
        7,
        7,
        7,
        7,
        null,
        null,
        1,
        6,
        6,
        6,
        6,
        2,
        2,
        null,
        4,
        null,
        null,
        null,
        1,
        7,
        null,
        null,
        1,
        0,
        null,
        null,
        1,
        1,
        1,
        1,
        null,
        1,
        null,
        null,
        1,
        1,
        1,
        1,
        1,
        1,
        null,
        0,
        null,
        null,
        null,
        1,
        0,
        0,
        0,
        0,
        null,
        0,
        0,
        null,
        0,
        null,
        null,
        1,
        1,
        null,
        null,
        1,
        1,
        1,
        null,
        null,
        1,
        1,
        1,
        1,
        1,
        null,
        0,
        0,
        null,
        1,
        null,
        null,
        1,
        0,
        0,
        0,
        0,
        0,
        0,
        0,
        0,
        0,
        null,
        0,
        0,
        null,
        null,
        1,
        null,
        1,
        3,
        null,
        null,
        null,
        1,
        20,
        null,
        null,
        1,
        3,
        2,
        null,
        1,
        null,
        null,
        null,
        1,
        7,
        7,
        7,
        7,
        null,
        null,
        1,
        8,
        null,
        null,
        null
      ],
      "C:/Users/Lena/Documents/GitHub/cs61as-quiz-system/app/forms/new_question_form.rb": [
        null,
        1,
        1,
        null,
        1,
        1,
        1,
        1,
        null,
        1,
        1,
        1,
        null,
        null,
        1,
        1,
        1,
        null,
        null,
        1,
        1,
        1,
        1,
        null,
        1,
        6,
        2,
        2,
        2,
        2,
        2,
        null,
        null,
        1,
        6,
        1,
        null,
        null,
        null,
        1,
        6,
        1,
        null,
        null,
        null,
        1,
        2,
        1,
        1,
        null,
        null,
        null,
        2,
        null,
        null
      ],
      "C:/Users/Lena/Documents/GitHub/cs61as-quiz-system/app/controllers/concerns/create_question.rb": [
        null,
        1,
        1,
        6,
        6,
        6,
        6,
        6,
        6,
        null,
        null
      ],
      "C:/Users/Lena/Documents/GitHub/cs61as-quiz-system/app/models/relationship.rb": [
        null,
        null,
        null,
        null,
        null,
        null,
        null,
        null,
        null,
        null,
        null,
        null,
        null,
        null,
        1,
        852,
        1,
        1,
        null
      ],
      "C:/Users/Lena/Documents/GitHub/cs61as-quiz-system/app/controllers/staffs/quiz_requests_controller.rb": [
        null,
        1,
        1,
        1,
        null,
        1,
        18,
        18,
        null,
        null,
        1,
        0,
        0,
        null,
        null,
        1,
        1,
        1,
        1,
        null,
        1,
        1,
        null,
        null,
        1,
        null,
        1,
        0,
        null,
        null,
        1,
        0,
        0,
        null,
        null,
        null
      ],
      "C:/Users/Lena/Documents/GitHub/cs61as-quiz-system/app/controllers/staffs/students/quizzes_controller.rb": [
        1,
        1,
        1,
        5,
        5,
        5,
        20,
        20,
        5,
        5,
        5,
        20,
        null,
        null,
        1,
        2,
        2,
        2,
        2,
        2,
        2,
        2,
        null,
        null,
        null
      ],
      "C:/Users/Lena/Documents/GitHub/cs61as-quiz-system/app/models/concerns/quiz_submission.rb": [
        null,
        1,
        1,
        null,
        1,
        22,
        22,
        66,
        66,
        null,
        66,
        null,
        null,
        null
      ],
      "C:/Users/Lena/Documents/GitHub/cs61as-quiz-system/app/controllers/staffs/grades_controller.rb": [
        null,
        1,
        1,
        1,
        37,
        37,
        2,
        null,
        null,
        null,
        1,
        0,
        0,
        0,
        null,
        null,
        0,
        null,
        null,
        1,
        0,
        0,
        null,
        0,
        0,
        0,
        null,
        null,
        null,
        1,
        0,
        0,
        0,
        null,
        0,
        0,
        0,
        0,
        0,
        null,
        0,
        0,
        null,
        0,
        null,
        0,
        null,
        null,
        null,
        1,
        0,
        0,
        0,
        0,
        null,
        null,
        null,
        null,
        null,
        1,
        0,
        0,
        0,
        0,
        null,
        null,
        null,
        null,
        null,
        null,
        1,
        null,
        1,
        0,
        null,
        null,
        1,
        0,
        null,
        null,
        0,
        0,
        0,
        0,
        0,
        null,
        null,
        null,
        null,
        0,
        0,
        null,
        null,
        null,
        null,
        null,
        null,
        null,
        null,
        null,
        null,
        null
      ],
      "C:/Users/Lena/Documents/GitHub/cs61as-quiz-system/app/controllers/students/dashboard_controller.rb": [
        null,
        1,
        1,
        1,
        87,
        87,
        87,
        87,
        null,
        null,
        null
      ],
      "C:/Users/Lena/Documents/GitHub/cs61as-quiz-system/app/controllers/students/base_controller.rb": [
        1,
        1,
        1,
        null,
        1,
        null,
        1,
        147,
        145,
        null,
        null,
        null
      ],
      "C:/Users/Lena/Documents/GitHub/cs61as-quiz-system/app/controllers/students/quizzes_controller.rb": [
        1,
        1,
        1,
        null,
        1,
        11,
        11,
        11,
        null,
        0,
        null,
        11,
        null,
        null,
        1,
        17,
        17,
        14,
        14,
        null,
        null,
        null,
        1,
        4,
        4,
        0,
        0,
        null,
        4,
        4,
        4,
        4,
        4,
        4,
        4,
        null,
        null,
        null,
        null,
        null,
        4,
        4,
        4,
        null,
        0,
        null,
        null,
        null,
        null,
        1,
        17,
        17,
        17,
        68,
        68,
        17,
        17,
        17,
        68,
        null,
        null,
        1,
        null,
        1,
        11,
        11,
        null,
        null,
        1,
        4,
        4,
        12,
        12,
        12,
        12,
        null,
        null,
        null,
        1,
        11,
        11,
        0,
        null,
        11,
        11,
        null,
        null,
        null,
        null
      ],
      "C:/Users/Lena/Documents/GitHub/cs61as-quiz-system/app/controllers/staffs/regrades_controller.rb": [
        1,
        1,
        1,
        2,
        null,
        2,
        2,
        null,
        2,
        null,
        null,
        null
      ],
      "C:/Users/Lena/Documents/GitHub/cs61as-quiz-system/app/controllers/students/regrades_controller.rb": [
        1,
        1,
        1,
        2,
        2,
        null,
        2,
        1,
        1,
        null,
        1,
        null,
        2,
        null,
        null,
        1,
        null,
        1,
        4,
        null,
        null,
        null
      ],
      "C:/Users/Lena/Documents/GitHub/cs61as-quiz-system/app/forms/take_quiz_form.rb": [
        null,
        1,
        1,
        null,
        1,
        null,
        1,
        1,
        null,
        1,
        1,
        1,
        1,
        null,
        1,
        null,
        null,
        1,
        4,
        4,
        12,
        12,
        12,
        null,
        null,
        null
      ],
      "C:/Users/Lena/Documents/GitHub/cs61as-quiz-system/app/controllers/students/quiz_locks_controller.rb": [
        null,
        1,
        1,
        1,
        null,
        1,
        4,
        4,
        4,
        null,
        null,
        null,
        1,
        2,
        2,
        1,
        1,
        1,
        null,
        1,
        1,
        null,
        null,
        null,
        1,
        null,
        1,
        6,
        6,
        null,
        null,
        null
      ],
      "C:/Users/Lena/Documents/GitHub/cs61as-quiz-system/app/controllers/staffs/quizzes_controller.rb": [
        null,
        1,
        1,
        1,
        null,
        1,
        6,
        6,
        null,
        null,
        1,
        0,
        0,
        0,
        null,
        0,
        0,
        0,
        null,
        null,
        null,
        null,
        1,
        14,
        14,
        14,
        14,
        14,
        28,
        14,
        null,
        null,
        null,
        1,
        5,
        5,
        5,
        5,
        3,
        3,
        null,
        2,
        null,
        null,
        null,
        1,
        0,
        0,
        null,
        null,
        1,
        2,
        null,
        null,
        1,
        8,
        8,
        8,
        8,
        3,
        3,
        3,
        null,
        null,
        8,
        null,
        null,
        1,
        null,
        1,
        21,
        null,
        null,
        1,
        5,
        null,
        null,
        null
      ],
      "C:/Users/Lena/Documents/GitHub/cs61as-quiz-system/app/controllers/users_controller.rb": [
        null,
        1,
        1,
        null,
        1,
        null,
        null,
        1,
        3,
        3,
        3,
        3,
        null,
        0,
        0,
        null,
        null,
        null,
        1,
        null,
        1,
        3,
        null,
        null,
        null
      ],
      "C:/Users/Lena/Documents/GitHub/cs61as-quiz-system/app/forms/edit_quiz_form.rb": [
        null,
        1,
        1,
        1,
        null,
        1,
        1,
        1,
        1,
        null,
        1,
        1,
        1,
        1,
        1,
        1,
        1,
        1,
        null,
        1,
        5,
        3,
        3,
        3,
        null,
        null,
        1,
        null,
        1,
        5,
        0,
        0,
        0,
        null,
        null,
        null,
        1,
        5,
        0,
        0,
        0,
        null,
        null,
        null,
        1,
        0,
        0,
        0,
        0,
        null,
        0,
        null,
        null,
        1,
        5,
        0,
        null,
        null,
        1,
        0,
        0,
        null,
        0,
        null,
        null,
        1,
        5,
        null,
        null,
        5,
        1,
        null,
        null,
        null
      ],
      "C:/Users/Lena/Documents/GitHub/cs61as-quiz-system/app/controllers/staffs/relationships_controller.rb": [
        1,
        1,
        1,
        2,
        2,
        1,
        1,
        null,
        1,
        null,
        2,
        null,
        null,
        null
      ],
      "C:/Users/Lena/Documents/GitHub/cs61as-quiz-system/app/forms/edit_question_form.rb": [
        null,
        1,
        1,
        null,
        1,
        1,
        1,
        1,
        null,
        1,
        1,
        1,
        null,
        null,
        1,
        1,
        1,
        null,
        null,
        1,
        1,
        1,
        1,
        null,
        1,
        1,
        1,
        1,
        1,
        1,
        1,
        1,
        1,
        1,
        1,
        null,
        null,
        1,
        1,
        0,
        null,
        null,
        null,
        1,
        1,
        0,
        null,
        null,
        null,
        1,
        1,
        1,
        null,
        1,
        null,
        1,
        1,
        null,
        null
      ],
      "C:/Users/Lena/Documents/GitHub/cs61as-quiz-system/app/controllers/staffs/students_controller.rb": [
        null,
        1,
        1,
        1,
        0,
        0,
        0,
        null,
        null,
        1,
        0,
        0,
        0,
        null,
        null,
        null,
        1,
        3,
        null,
        null,
        1,
        2,
        2,
        4,
        4,
        2,
        2,
        2,
        2,
        null,
        null,
        null,
        null,
        null,
        1,
        0,
        0,
        0,
        0,
        0,
        null,
        null,
        null,
        null,
        null,
        1,
        null,
        1,
        4,
        4,
        null,
        4,
        0,
        null,
        4,
        null,
        null,
        null,
        null
      ]
    },
    "timestamp": 1425537463
  }
}
